<?xml version="1.0" encoding="UTF-8"?>
<testng-results skipped="0" failed="0" ignored="0" total="2" passed="2">
  <reporter-output>
  </reporter-output>
  <suite name="Suite" duration-ms="8586" started-at="2021-02-24T07:30:01Z" finished-at="2021-02-24T07:30:10Z">
    <groups>
    </groups>
    <test name="Test" duration-ms="8586" started-at="2021-02-24T07:30:01Z" finished-at="2021-02-24T07:30:10Z">
      <class name="test3.Testcase1">
        <test-method status="PASS" signature="LaunchBrowser()[pri:0, instance:test3.Testcase1@13c27452]" name="LaunchBrowser" is-config="true" duration-ms="1903" started-at="2021-02-24T07:30:01Z" finished-at="2021-02-24T07:30:03Z">
          <reporter-output>
          </reporter-output>
        </test-method> <!-- LaunchBrowser -->
        <test-method status="PASS" signature="LoginTest()[pri:0, instance:test3.Testcase1@13c27452]" name="LoginTest" duration-ms="6661" started-at="2021-02-24T07:30:03Z" finished-at="2021-02-24T07:30:10Z">
          <reporter-output>
          </reporter-output>
        </test-method> <!-- LoginTest -->
        <test-method status="PASS" signature="closeBrowser()[pri:0, instance:test3.Testcase1@13c27452]" name="closeBrowser" is-config="true" duration-ms="0" started-at="2021-02-24T07:30:10Z" finished-at="2021-02-24T07:30:10Z">
          <reporter-output>
          </reporter-output>
        </test-method> <!-- closeBrowser -->
      </class> <!-- test3.Testcase1 -->
      <class name="GitHub.Maven.AppTest">
        <test-method status="PASS" signature="testApp()[pri:0, instance:GitHub.Maven.AppTest@12f41634]" name="testApp" duration-ms="5" started-at="2021-02-24T07:30:01Z" finished-at="2021-02-24T07:30:01Z">
          <reporter-output>
          </reporter-output>
        </test-method> <!-- testApp -->
      </class> <!-- GitHub.Maven.AppTest -->
    </test> <!-- Test -->
  </suite> <!-- Suite -->
</testng-results>
