<?xml version="1.0" encoding="UTF-8"?>
<testng-results skipped="0" failed="0" ignored="0" total="1" passed="1">
  <reporter-output>
  </reporter-output>
  <suite name="Default suite" duration-ms="8550" started-at="2021-02-24T07:25:31Z" finished-at="2021-02-24T07:25:39Z">
    <groups>
    </groups>
    <test name="Default test" duration-ms="8550" started-at="2021-02-24T07:25:31Z" finished-at="2021-02-24T07:25:39Z">
      <class name="test3.Testcase1">
        <test-method status="PASS" signature="LaunchBrowser()[pri:0, instance:test3.Testcase1@4c762604]" name="LaunchBrowser" is-config="true" duration-ms="2087" started-at="2021-02-24T07:25:31Z" finished-at="2021-02-24T07:25:33Z">
          <reporter-output>
          </reporter-output>
        </test-method> <!-- LaunchBrowser -->
        <test-method status="PASS" signature="LoginTest()[pri:0, instance:test3.Testcase1@4c762604]" name="LoginTest" duration-ms="6444" started-at="2021-02-24T07:25:33Z" finished-at="2021-02-24T07:25:39Z">
          <reporter-output>
          </reporter-output>
        </test-method> <!-- LoginTest -->
        <test-method status="PASS" signature="closeBrowser()[pri:0, instance:test3.Testcase1@4c762604]" name="closeBrowser" is-config="true" duration-ms="1" started-at="2021-02-24T07:25:39Z" finished-at="2021-02-24T07:25:39Z">
          <reporter-output>
          </reporter-output>
        </test-method> <!-- closeBrowser -->
      </class> <!-- test3.Testcase1 -->
    </test> <!-- Default test -->
  </suite> <!-- Default suite -->
</testng-results>
